#
# An unexpected error has been detected by Java Runtime Environment:
#
#  Internal Error (53414645504F494E540E4350500236), pid=3440, tid=2624
#
# Java VM: Java HotSpot(TM) Client VM (1.6.0_03-b05 mixed mode, sharing)
# If you would like to submit a bug report, please visit:
#   http://java.sun.com/webapps/bugreport/crash.jsp
#

---------------  T H R E A D  ---------------

Current thread (0x05426800):  JavaThread "capstart" [_thread_in_native_trans, id=2624]

Stack: [0x435d0000,0x45dd0000)
[error occurred during error reporting, step 110, id 0xc0000005]

Java frames: (J=compiled Java code, j=interpreted, Vv=VM code)
j  jpcap.JpcapCaptor.loopPacket(ILjpcap/PacketReceiver;)I+0
j  Library.PSCaptor$2.run()V+15
j  java.lang.Thread.run()V+11
v  ~StubRoutines::call_stub

---------------  P R O C E S S  ---------------

Java Threads: ( => current thread )
  0x05428c00 JavaThread "sesstart" [_thread_blocked, id=852]
  0x05428800 JavaThread "sesstart" [_thread_blocked, id=844]
  0x05428000 JavaThread "consumer" [_thread_blocked, id=3004]
=>0x05426800 JavaThread "capstart" [_thread_in_native_trans, id=2624]
  0x05425c00 JavaThread "sesstart" [_thread_blocked, id=3216]
  0x053ff800 JavaThread "capstart" [_thread_blocked, id=2188]
  0x120a1800 JavaThread "TimerQueue" daemon [_thread_blocked, id=2580]
  0x002f6400 JavaThread "DestroyJavaVM" [_thread_blocked, id=3592]
  0x12069400 JavaThread "AWT-EventQueue-0" [_thread_blocked, id=1240]
  0x053f9400 JavaThread "AWT-Windows" daemon [_thread_in_native, id=3924]
  0x053d1400 JavaThread "AWT-Shutdown" [_thread_blocked, id=2848]
  0x053cf800 JavaThread "Java2D Disposer" daemon [_thread_blocked, id=3044]
  0x05394000 JavaThread "Low Memory Detector" daemon [_thread_blocked, id=1944]
  0x0538f400 JavaThread "CompilerThread0" daemon [_thread_blocked, id=1940]
  0x0538e000 JavaThread "Attach Listener" daemon [_thread_blocked, id=2312]
  0x0538d400 JavaThread "Signal Dispatcher" daemon [_thread_blocked, id=2168]
  0x0534e800 JavaThread "Finalizer" daemon [_thread_blocked, id=2840]
  0x0534d800 JavaThread "Reference Handler" daemon [_thread_blocked, id=2944]

Other Threads:
  0x0534c400 VMThread [id=3912]
  0x05395800 WatcherThread [id=2672]

VM state:synchronizing (normal execution)

VM Mutex/Monitor currently owned by a thread:  ([mutex/lock_event])
[0x002f5018/0x00002f08] Threads_lock - owner thread: 0x0534c400
[0x002f51b8/0x00002ec8] Heap_lock - owner thread: 0x053ff800

Heap
 def new generation   total 21312K, used 19008K [0x13dd0000, 0x154e0000, 0x154e0000)
  eden space 19008K, 100% used [0x13dd0000, 0x15060000, 0x15060000)
  from space 2304K,   0% used [0x15060000, 0x15060000, 0x152a0000)
  to   space 2304K,   0% used [0x152a0000, 0x152a0000, 0x154e0000)
 tenured generation   total 283584K, used 0K [0x154e0000, 0x269d0000, 0x269d0000)
   the space 283584K,   0% used [0x154e0000, 0x154e0000, 0x154e0200, 0x269d0000)
 compacting perm gen  total 12288K, used 728K [0x269d0000, 0x275d0000, 0x2a9d0000)
   the space 12288K,   5% used [0x269d0000, 0x26a86390, 0x26a86400, 0x275d0000)
    ro space 8192K,  66% used [0x2a9d0000, 0x2af1f860, 0x2af1fa00, 0x2b1d0000)
    rw space 12288K,  52% used [0x2b1d0000, 0x2b81f078, 0x2b81f200, 0x2bdd0000)

Dynamic libraries:
0x00400000 - 0x00423000 	C:\Program Files\Java\jdk1.6.0_03\bin\java.exe
0x7c900000 - 0x7c9af000 	C:\WINDOWS\system32\ntdll.dll
0x7c800000 - 0x7c8f6000 	C:\WINDOWS\system32\kernel32.dll
0x64d00000 - 0x64d34000 	C:\Program Files\AVAST Software\Avast\snxhk.dll
0x77dd0000 - 0x77e6b000 	C:\WINDOWS\system32\ADVAPI32.dll
0x77e70000 - 0x77f02000 	C:\WINDOWS\system32\RPCRT4.dll
0x77fe0000 - 0x77ff1000 	C:\WINDOWS\system32\Secur32.dll
0x7c340000 - 0x7c396000 	C:\Program Files\Java\jdk1.6.0_03\jre\bin\msvcr71.dll
0x6d870000 - 0x6daba000 	C:\Program Files\Java\jdk1.6.0_03\jre\bin\client\jvm.dll
0x7e410000 - 0x7e4a1000 	C:\WINDOWS\system32\USER32.dll
0x77f10000 - 0x77f59000 	C:\WINDOWS\system32\GDI32.dll
0x76b40000 - 0x76b6d000 	C:\WINDOWS\system32\WINMM.dll
0x6d3c0000 - 0x6d3c8000 	C:\Program Files\Java\jdk1.6.0_03\jre\bin\hpi.dll
0x76bf0000 - 0x76bfb000 	C:\WINDOWS\system32\PSAPI.DLL
0x6d820000 - 0x6d82c000 	C:\Program Files\Java\jdk1.6.0_03\jre\bin\verify.dll
0x6d460000 - 0x6d47f000 	C:\Program Files\Java\jdk1.6.0_03\jre\bin\java.dll
0x6d860000 - 0x6d86f000 	C:\Program Files\Java\jdk1.6.0_03\jre\bin\zip.dll
0x6d0b0000 - 0x6d273000 	C:\Program Files\Java\jdk1.6.0_03\jre\bin\awt.dll
0x73000000 - 0x73026000 	C:\WINDOWS\system32\WINSPOOL.DRV
0x77c10000 - 0x77c68000 	C:\WINDOWS\system32\msvcrt.dll
0x76390000 - 0x763ad000 	C:\WINDOWS\system32\IMM32.dll
0x774e0000 - 0x7761d000 	C:\WINDOWS\system32\ole32.dll
0x5ad70000 - 0x5ada8000 	C:\WINDOWS\system32\uxtheme.dll
0x73760000 - 0x737ab000 	C:\WINDOWS\system32\ddraw.dll
0x73bc0000 - 0x73bc6000 	C:\WINDOWS\system32\DCIMAN32.dll
0x6d360000 - 0x6d3b3000 	C:\Program Files\Java\jdk1.6.0_03\jre\bin\fontmanager.dll
0x74720000 - 0x7476c000 	C:\WINDOWS\system32\MSCTF.dll
0x7c9c0000 - 0x7d1d7000 	C:\WINDOWS\system32\shell32.dll
0x77f60000 - 0x77fd6000 	C:\WINDOWS\system32\SHLWAPI.dll
0x773d0000 - 0x774d3000 	C:\WINDOWS\WinSxS\x86_Microsoft.Windows.Common-Controls_6595b64144ccf1df_6.0.2600.5512_x-ww_35d4ce83\comctl32.dll
0x5d090000 - 0x5d12a000 	C:\WINDOWS\system32\comctl32.dll
0x11e10000 - 0x11e23000 	C:\WINDOWS\system32\btmmhook.dll
0x6d620000 - 0x6d633000 	C:\Program Files\Java\jdk1.6.0_03\jre\bin\net.dll
0x71ab0000 - 0x71ac7000 	C:\WINDOWS\system32\WS2_32.dll
0x71aa0000 - 0x71aa8000 	C:\WINDOWS\system32\WS2HELP.dll
0x6d640000 - 0x6d649000 	C:\Program Files\Java\jdk1.6.0_03\jre\bin\nio.dll
0x124f0000 - 0x12518000 	C:\WINDOWS\system32\Jpcap.dll
0x12520000 - 0x1256c000 	C:\WINDOWS\system32\wpcap.dll
0x12580000 - 0x12599000 	C:\WINDOWS\system32\packet.dll
0x77c00000 - 0x77c08000 	C:\WINDOWS\system32\VERSION.dll
0x610f0000 - 0x61101000 	C:\WINDOWS\system32\NPPTools.dll
0x5f800000 - 0x5f8f2000 	C:\WINDOWS\system32\MFC42u.DLL
0x77120000 - 0x771ab000 	C:\WINDOWS\system32\OLEAUT32.dll
0x76d60000 - 0x76d79000 	C:\WINDOWS\system32\iphlpapi.dll
0x5a700000 - 0x5a711000 	C:\WINDOWS\system32\npp\ndisnpp.dll
0x125f0000 - 0x125fc000 	C:\Program Files\WIDCOMM\Bluetooth Software\btkeyind.dll

VM Arguments:
jvm_args: -Dfile.encoding=UTF-8 -Xms300M -Xmx300M -Xss40M
java_command: ps.PS
Launcher Type: SUN_STANDARD

Environment Variables:
PATH=C:\WINDOWS\system32;C:\WINDOWS;C:\WINDOWS\System32\Wbem
USERNAME=Administrator
OS=Windows_NT
PROCESSOR_IDENTIFIER=x86 Family 6 Model 15 Stepping 13, GenuineIntel



---------------  S Y S T E M  ---------------

OS: Windows XP Build 2600 Service Pack 3

CPU:total 2 (2 cores per cpu, 1 threads per core) family 6 model 15 stepping 13, cmov, cx8, fxsr, mmx, sse, sse2, sse3, ssse3

Memory: 4k page, physical 1008128k(373556k free), swap 2426644k(1633976k free)

vm_info: Java HotSpot(TM) Client VM (1.6.0_03-b05) for windows-x86, built on Sep 24 2007 22:24:33 by "java_re" with unknown MS VC++:1310

