#
# An unexpected error has been detected by Java Runtime Environment:
#
#  EXCEPTION_ACCESS_VIOLATION (0xc0000005) at pc=0x6d943e91, pid=3704, tid=924
#
# Java VM: Java HotSpot(TM) Client VM (1.6.0_03-b05 mixed mode, sharing)
# Problematic frame:
# V  [jvm.dll+0xd3e91]
#
# If you would like to submit a bug report, please visit:
#   http://java.sun.com/webapps/bugreport/crash.jsp
#

---------------  T H R E A D  ---------------

Current thread (0x02b6d000):  JavaThread "capstart" [_thread_in_vm, id=924]

siginfo: ExceptionCode=0xc0000005, reading address 0x00000000

Registers:
EAX=0x00000000, EBX=0x02b6d000, ECX=0x02b6d000, EDX=0x6da39190
ESP=0x0bf7f8e4, EBP=0x032214a8, ESI=0x02b6d0ec, EDI=0x00000000
EIP=0x6d943e91, EFLAGS=0x00010246

Top of Stack: (sp=0x0bf7f8e4)
0x0bf7f8e4:   032214a4 02b6d0ec 00000000 02b6d000
0x0bf7f8f4:   02b6d284 0000006c 6da39190 03703a91
0x0bf7f904:   02b6d000 00000000 00000000 00000006
0x0bf7f914:   038314c8 0bf7f984 0bf7f954 00000006
0x0bf7f924:   0bf7fb64 037022aa 038314c8 00000000
0x0bf7f934:   02b6d0ec 037e3fb0 00000028 00000800
0x0bf7f944:   03724f40 038314c8 00000006 02b6d000
0x0bf7f954:   00000036 03701ede 4f7008ca 00067c57 

Instructions: (pc=0x6d943e91)
0x6d943e81:   0c e8 19 45 08 00 8b 7c 24 28 85 ff 8b 44 24 24
0x6d943e91:   8b 00 7c 54 8b 54 24 2c 85 d2 7c 4c 8b 70 08 8d 


Stack: [0x0bf30000,0x0bf80000),  sp=0x0bf7f8e4,  free space=318k
Native frames: (J=compiled Java code, j=interpreted, Vv=VM code, C=native code)
V  [jvm.dll+0xd3e91]

Java frames: (J=compiled Java code, j=interpreted, Vv=VM code)
j  jpcap.JpcapCaptor.loopPacket(ILjpcap/PacketReceiver;)I+0
j  Library.PSCaptor$1.run()V+15
j  java.lang.Thread.run()V+11
v  ~StubRoutines::call_stub

---------------  P R O C E S S  ---------------

Java Threads: ( => current thread )
  0x031b6400 JavaThread "AWT-EventQueue-0" [_thread_blocked, id=1688]
  0x0bc5d400 JavaThread "AWT-EventQueue-0" [_thread_blocked, id=3004]
  0x031b3c00 JavaThread "AWT-EventQueue-0" [_thread_blocked, id=748]
  0x031b2c00 JavaThread "AWT-EventQueue-0" [_thread_blocked, id=2280]
=>0x02b6d000 JavaThread "capstart" [_thread_in_vm, id=924]
  0x03299000 JavaThread "TimerQueue" daemon [_thread_blocked, id=2268]
  0x002f6400 JavaThread "DestroyJavaVM" [_thread_blocked, id=4016]
  0x02b59400 JavaThread "AWT-Windows" daemon [_thread_in_native, id=2368]
  0x02b31400 JavaThread "AWT-Shutdown" [_thread_blocked, id=3652]
  0x02b2f800 JavaThread "Java2D Disposer" daemon [_thread_blocked, id=168]
  0x02af4000 JavaThread "Low Memory Detector" daemon [_thread_blocked, id=2644]
  0x02aef400 JavaThread "CompilerThread0" daemon [_thread_blocked, id=1644]
  0x02aee000 JavaThread "Attach Listener" daemon [_thread_blocked, id=3120]
  0x02aed000 JavaThread "Signal Dispatcher" daemon [_thread_blocked, id=3884]
  0x02aae800 JavaThread "Finalizer" daemon [_thread_blocked, id=4004]
  0x02aad800 JavaThread "Reference Handler" daemon [_thread_blocked, id=2508]

Other Threads:
  0x02aac400 VMThread [id=1292]
  0x02af5400 WatcherThread [id=2648]

VM state:synchronizing (normal execution)

VM Mutex/Monitor currently owned by a thread:  ([mutex/lock_event])
[0x002f4ff8/0x00002f08] Threads_lock - owner thread: 0x02aac400
[0x002f5198/0x00002ec8] Heap_lock - owner thread: 0x031b3c00

Heap
 def new generation   total 4544K, used 4543K [0x229d0000, 0x22eb0000, 0x22eb0000)
  eden space 4096K,  99% used [0x229d0000, 0x22dcfff8, 0x22dd0000)
  from space 448K, 100% used [0x22e40000, 0x22eb0000, 0x22eb0000)
  to   space 448K,   0% used [0x22dd0000, 0x22dd0000, 0x22e40000)
 tenured generation   total 60544K, used 60543K [0x22eb0000, 0x269d0000, 0x269d0000)
   the space 60544K,  99% used [0x22eb0000, 0x269cfff0, 0x269d0000, 0x269d0000)
 compacting perm gen  total 12288K, used 1175K [0x269d0000, 0x275d0000, 0x2a9d0000)
   the space 12288K,   9% used [0x269d0000, 0x26af5f08, 0x26af6000, 0x275d0000)
    ro space 8192K,  66% used [0x2a9d0000, 0x2af1f860, 0x2af1fa00, 0x2b1d0000)
    rw space 12288K,  52% used [0x2b1d0000, 0x2b81f078, 0x2b81f200, 0x2bdd0000)

Dynamic libraries:
0x00400000 - 0x00423000 	C:\Program Files\Java\jdk1.6.0_03\bin\java.exe
0x7c900000 - 0x7c9af000 	C:\WINDOWS\system32\ntdll.dll
0x7c800000 - 0x7c8f6000 	C:\WINDOWS\system32\kernel32.dll
0x64d00000 - 0x64d34000 	C:\Program Files\AVAST Software\Avast\snxhk.dll
0x77dd0000 - 0x77e6b000 	C:\WINDOWS\system32\ADVAPI32.dll
0x77e70000 - 0x77f02000 	C:\WINDOWS\system32\RPCRT4.dll
0x77fe0000 - 0x77ff1000 	C:\WINDOWS\system32\Secur32.dll
0x7c340000 - 0x7c396000 	C:\Program Files\Java\jdk1.6.0_03\jre\bin\msvcr71.dll
0x6d870000 - 0x6daba000 	C:\Program Files\Java\jdk1.6.0_03\jre\bin\client\jvm.dll
0x7e410000 - 0x7e4a1000 	C:\WINDOWS\system32\USER32.dll
0x77f10000 - 0x77f59000 	C:\WINDOWS\system32\GDI32.dll
0x76b40000 - 0x76b6d000 	C:\WINDOWS\system32\WINMM.dll
0x6d3c0000 - 0x6d3c8000 	C:\Program Files\Java\jdk1.6.0_03\jre\bin\hpi.dll
0x76bf0000 - 0x76bfb000 	C:\WINDOWS\system32\PSAPI.DLL
0x6d820000 - 0x6d82c000 	C:\Program Files\Java\jdk1.6.0_03\jre\bin\verify.dll
0x6d460000 - 0x6d47f000 	C:\Program Files\Java\jdk1.6.0_03\jre\bin\java.dll
0x6d860000 - 0x6d86f000 	C:\Program Files\Java\jdk1.6.0_03\jre\bin\zip.dll
0x6d0b0000 - 0x6d273000 	C:\Program Files\Java\jdk1.6.0_03\jre\bin\awt.dll
0x73000000 - 0x73026000 	C:\WINDOWS\system32\WINSPOOL.DRV
0x77c10000 - 0x77c68000 	C:\WINDOWS\system32\msvcrt.dll
0x76390000 - 0x763ad000 	C:\WINDOWS\system32\IMM32.dll
0x774e0000 - 0x7761d000 	C:\WINDOWS\system32\ole32.dll
0x5ad70000 - 0x5ada8000 	C:\WINDOWS\system32\uxtheme.dll
0x73760000 - 0x737ab000 	C:\WINDOWS\system32\ddraw.dll
0x73bc0000 - 0x73bc6000 	C:\WINDOWS\system32\DCIMAN32.dll
0x6d360000 - 0x6d3b3000 	C:\Program Files\Java\jdk1.6.0_03\jre\bin\fontmanager.dll
0x74720000 - 0x7476c000 	C:\WINDOWS\system32\MSCTF.dll
0x7c9c0000 - 0x7d1d7000 	C:\WINDOWS\system32\shell32.dll
0x77f60000 - 0x77fd6000 	C:\WINDOWS\system32\SHLWAPI.dll
0x773d0000 - 0x774d3000 	C:\WINDOWS\WinSxS\x86_Microsoft.Windows.Common-Controls_6595b64144ccf1df_6.0.2600.5512_x-ww_35d4ce83\comctl32.dll
0x5d090000 - 0x5d12a000 	C:\WINDOWS\system32\comctl32.dll
0x10000000 - 0x10013000 	C:\WINDOWS\system32\btmmhook.dll
0x6d620000 - 0x6d633000 	C:\Program Files\Java\jdk1.6.0_03\jre\bin\net.dll
0x71ab0000 - 0x71ac7000 	C:\WINDOWS\system32\WS2_32.dll
0x71aa0000 - 0x71aa8000 	C:\WINDOWS\system32\WS2HELP.dll
0x6d640000 - 0x6d649000 	C:\Program Files\Java\jdk1.6.0_03\jre\bin\nio.dll
0x03700000 - 0x03728000 	C:\WINDOWS\system32\Jpcap.dll
0x03730000 - 0x0377c000 	C:\WINDOWS\system32\wpcap.dll
0x03790000 - 0x037a9000 	C:\WINDOWS\system32\packet.dll
0x77c00000 - 0x77c08000 	C:\WINDOWS\system32\VERSION.dll
0x610f0000 - 0x61101000 	C:\WINDOWS\system32\NPPTools.dll
0x5f800000 - 0x5f8f2000 	C:\WINDOWS\system32\MFC42u.DLL
0x77120000 - 0x771ab000 	C:\WINDOWS\system32\OLEAUT32.dll
0x76d60000 - 0x76d79000 	C:\WINDOWS\system32\iphlpapi.dll
0x5a700000 - 0x5a711000 	C:\WINDOWS\system32\npp\ndisnpp.dll
0x03910000 - 0x0391c000 	C:\Program Files\WIDCOMM\Bluetooth Software\btkeyind.dll

VM Arguments:
jvm_args: -Dfile.encoding=UTF-8
java_command: ps.PS
Launcher Type: SUN_STANDARD

Environment Variables:
PATH=C:\WINDOWS\system32;C:\WINDOWS;C:\WINDOWS\System32\Wbem
USERNAME=Administrator
OS=Windows_NT
PROCESSOR_IDENTIFIER=x86 Family 6 Model 15 Stepping 13, GenuineIntel



---------------  S Y S T E M  ---------------

OS: Windows XP Build 2600 Service Pack 3

CPU:total 2 (2 cores per cpu, 1 threads per core) family 6 model 15 stepping 13, cmov, cx8, fxsr, mmx, sse, sse2, sse3, ssse3

Memory: 4k page, physical 1008128k(205052k free), swap 2426644k(1771584k free)

vm_info: Java HotSpot(TM) Client VM (1.6.0_03-b05) for windows-x86, built on Sep 24 2007 22:24:33 by "java_re" with unknown MS VC++:1310

